<?xml version="1.0" encoding="UTF-8"?>
<testng-results ignored="0" total="1" passed="1" failed="0" skipped="0">
  <reporter-output>
  </reporter-output>
  <suite started-at="2026-06-06T17:40:46 IST" name="Default suite" finished-at="2026-06-06T17:41:11 IST" duration-ms="25111">
    <groups>
    </groups>
    <test started-at="2026-06-06T17:40:46 IST" name="Default test" finished-at="2026-06-06T17:41:11 IST" duration-ms="25111">
      <class name="tests.EndToEndBookingTest">
        <test-method is-config="true" signature="setup()[pri:0, instance:tests.EndToEndBookingTest@2b71e916]" started-at="2026-06-06T17:40:46 IST" name="setup" finished-at="2026-06-06T17:41:02 IST" duration-ms="16470" status="PASS">
          <reporter-output>
          </reporter-output>
        </test-method> <!-- setup -->
        <test-method signature="completeFlightBooking()[pri:0, instance:tests.EndToEndBookingTest@2b71e916]" started-at="2026-06-06T17:41:02 IST" name="completeFlightBooking" finished-at="2026-06-06T17:41:11 IST" duration-ms="8384" status="PASS">
          <reporter-output>
          </reporter-output>
        </test-method> <!-- completeFlightBooking -->
        <test-method is-config="true" signature="tearDown()[pri:0, instance:tests.EndToEndBookingTest@2b71e916]" started-at="2026-06-06T17:41:11 IST" name="tearDown" finished-at="2026-06-06T17:41:11 IST" duration-ms="2" status="PASS">
          <reporter-output>
          </reporter-output>
        </test-method> <!-- tearDown -->
      </class> <!-- tests.EndToEndBookingTest -->
    </test> <!-- Default test -->
  </suite> <!-- Default suite -->
</testng-results>
